2023/11/16 22:32:33 [DEBUG] begin parse file, name: demo/base.jce
2023/11/16 22:32:33 [DEBUG] end parseModuleSegment
2023/11/16 22:32:33 [DEBUG] end parse
2023/11/16 22:32:33 [DEBUG] end analyzeDefault
2023/11/16 22:32:33 [DEBUG] end analyzeTName
2023/11/16 22:32:33 [DEBUG] end analyzeDepend
2023/11/16 22:32:33 [DEBUG] hhh
2023/11/16 22:32:33 [DEBUG] end parseFile,demo/base.jce
2023/11/16 22:32:33 [DEBUG] begin GenAll
2023/11/16 22:32:33 [DEBUG] hhh
2023/11/16 22:32:33 [DEBUG] begin genStruct
2023/11/16 22:32:33 [DEBUG] begin genStructDefine
2023/11/16 22:32:33 [DEBUG] begin genFunResetDefault
2023/11/16 22:32:33 [DEBUG] begin parse file, name: demo/test.jce
2023/11/16 22:32:33 [DEBUG] &{CommentType:// jjjjl Tag:-9998 Require:false Type:<nil> Key: OriginKey: Default: DefType:0 Comment:}
2023/11/16 22:32:33 [DEBUG] &{CommentType: Tag:1 Require:true Type:0x140000ac000 Key:b OriginKey: Default: DefType:0 Comment://oo}
2023/11/16 22:32:33 [DEBUG] &{CommentType: Tag:2 Require:true Type:0x140000ac040 Key:s OriginKey: Default: DefType:0 Comment:}
2023/11/16 22:32:33 [DEBUG] &{CommentType: Tag:3 Require:true Type:0x140000ac080 Key:i OriginKey: Default: DefType:0 Comment:}
2023/11/16 22:32:33 [DEBUG] &{CommentType: Tag:4 Require:true Type:0x140000ac0c0 Key:l OriginKey: Default: DefType:0 Comment:}
2023/11/16 22:32:33 [DEBUG] &{CommentType: Tag:5 Require:true Type:0x140000ac100 Key:f OriginKey: Default: DefType:0 Comment:}
2023/11/16 22:32:33 [DEBUG] &{CommentType: Tag:6 Require:true Type:0x140000ac140 Key:d OriginKey: Default: DefType:0 Comment:}
2023/11/16 22:32:33 [DEBUG] &{CommentType: Tag:7 Require:true Type:0x140000ac180 Key:s1 OriginKey: Default: DefType:0 Comment:}
2023/11/16 22:32:33 [DEBUG] a: <INTEGER> {Int:9 Float:0 String:9} 18
2023/11/16 22:32:33 [DEBUG] b: ;, 17, true
2023/11/16 22:32:33 [DEBUG] &{CommentType: Tag:8 Require:false Type:0x140000ac1c0 Key:s2 OriginKey: Default:"test" DefType:41 Comment:}
2023/11/16 22:32:33 [DEBUG] &{CommentType: Tag:9 Require:false Type:0x140000ac200 Key:i2 OriginKey: Default: DefType:0 Comment:}
2023/11/16 22:32:33 [DEBUG] &{CommentType:/*sdf*/ Tag:-9997 Require:false Type:<nil> Key: OriginKey: Default: DefType:0 Comment:}
2023/11/16 22:32:33 [DEBUG] &{CommentType: Tag:10 Require:true Type:0x140000ac240 Key:buffer1 OriginKey: Default: DefType:0 Comment:}
2023/11/16 22:32:33 [DEBUG] &{CommentType: Tag:11 Require:true Type:0x140000ac2c0 Key:buffer2 OriginKey: Default: DefType:0 Comment:}
2023/11/16 22:32:33 [DEBUG] &{CommentType: Tag:12 Require:false Type:0x140000ac380 Key:arr1 OriginKey: Default: DefType:0 Comment:}
2023/11/16 22:32:33 [DEBUG] &{CommentType: Tag:13 Require:false Type:0x140000ac400 Key:arr2 OriginKey: Default: DefType:0 Comment:}
2023/11/16 22:32:33 [DEBUG] &{CommentType: Tag:14 Require:true Type:0x140000ac4c0 Key:m1 OriginKey: Default: DefType:0 Comment://ooo}
2023/11/16 22:32:33 [DEBUG] &{CommentType: Tag:15 Require:true Type:0x140000ac580 Key:arr4 OriginKey: Default: DefType:0 Comment:}
2023/11/16 22:32:33 [DEBUG] &{CommentType: Tag:16 Require:true Type:0x140000ac680 Key:arr3 OriginKey: Default: DefType:0 Comment:}
2023/11/16 22:32:33 [DEBUG] &{CommentType: Tag:17 Require:true Type:0x140000ac700 Key:m2 OriginKey: Default: DefType:0 Comment:}
2023/11/16 22:32:33 [DEBUG] &{CommentType: Tag:18 Require:true Type:0x140000ac7c0 Key:req OriginKey: Default: DefType:0 Comment:}
2023/11/16 22:32:33 [DEBUG] end parseModuleSegment
2023/11/16 22:32:33 [DEBUG] end parse
2023/11/16 22:32:33 [DEBUG] end parseModuleSegment
2023/11/16 22:32:33 [DEBUG] end parse
2023/11/16 22:32:33 [DEBUG] end analyzeDefault
2023/11/16 22:32:33 [DEBUG] end analyzeTName
2023/11/16 22:32:33 [DEBUG] end analyzeDepend
2023/11/16 22:32:33 [DEBUG] hhh
2023/11/16 22:32:33 [DEBUG] end parseFile,demo/base.jce
2023/11/16 22:32:33 [DEBUG] end analyzeDefault
2023/11/16 22:32:33 [DEBUG] being checkDepTName, <nil>, &map[], &map[]
2023/11/16 22:32:33 [DEBUG] being checkDepTName, &{Type:31 Unsigned:false TypeSt: CType:0 TypeK:<nil> TypeV:<nil> TypeL:0}, &map[], &map[]
2023/11/16 22:32:33 [DEBUG] end checkDepTName
2023/11/16 22:32:33 [DEBUG] being checkDepTName, &{Type:30 Unsigned:false TypeSt: CType:0 TypeK:<nil> TypeV:<nil> TypeL:0}, &map[], &map[]
2023/11/16 22:32:33 [DEBUG] end checkDepTName
2023/11/16 22:32:33 [DEBUG] being checkDepTName, &{Type:28 Unsigned:false TypeSt: CType:0 TypeK:<nil> TypeV:<nil> TypeL:0}, &map[], &map[]
2023/11/16 22:32:33 [DEBUG] end checkDepTName
2023/11/16 22:32:33 [DEBUG] being checkDepTName, &{Type:32 Unsigned:false TypeSt: CType:0 TypeK:<nil> TypeV:<nil> TypeL:0}, &map[], &map[]
2023/11/16 22:32:33 [DEBUG] end checkDepTName
2023/11/16 22:32:33 [DEBUG] being checkDepTName, &{Type:33 Unsigned:false TypeSt: CType:0 TypeK:<nil> TypeV:<nil> TypeL:0}, &map[], &map[]
2023/11/16 22:32:33 [DEBUG] end checkDepTName
2023/11/16 22:32:33 [DEBUG] being checkDepTName, &{Type:34 Unsigned:false TypeSt: CType:0 TypeK:<nil> TypeV:<nil> TypeL:0}, &map[], &map[]
2023/11/16 22:32:33 [DEBUG] end checkDepTName
2023/11/16 22:32:33 [DEBUG] being checkDepTName, &{Type:35 Unsigned:false TypeSt: CType:0 TypeK:<nil> TypeV:<nil> TypeL:0}, &map[], &map[]
2023/11/16 22:32:33 [DEBUG] end checkDepTName
2023/11/16 22:32:33 [DEBUG] being checkDepTName, &{Type:35 Unsigned:false TypeSt: CType:0 TypeK:<nil> TypeV:<nil> TypeL:0}, &map[], &map[]
2023/11/16 22:32:33 [DEBUG] end checkDepTName
2023/11/16 22:32:33 [DEBUG] being checkDepTName, &{Type:28 Unsigned:false TypeSt: CType:0 TypeK:<nil> TypeV:<nil> TypeL:0}, &map[], &map[]
2023/11/16 22:32:33 [DEBUG] end checkDepTName
2023/11/16 22:32:33 [DEBUG] being checkDepTName, <nil>, &map[], &map[]
2023/11/16 22:32:33 [DEBUG] being checkDepTName, &{Type:36 Unsigned:false TypeSt: CType:0 TypeK:0x140000ac280 TypeV:<nil> TypeL:0}, &map[], &map[]
2023/11/16 22:32:33 [DEBUG] being checkDepTName, &{Type:31 Unsigned:false TypeSt: CType:0 TypeK:<nil> TypeV:<nil> TypeL:0}, &map[], &map[]
2023/11/16 22:32:33 [DEBUG] end checkDepTName
2023/11/16 22:32:33 [DEBUG] end checkDepTName
2023/11/16 22:32:33 [DEBUG] being checkDepTName, &{Type:36 Unsigned:false TypeSt: CType:0 TypeK:0x140000ac340 TypeV:<nil> TypeL:0}, &map[], &map[]
2023/11/16 22:32:33 [DEBUG] being checkDepTName, &{Type:31 Unsigned:true TypeSt: CType:0 TypeK:<nil> TypeV:<nil> TypeL:0}, &map[], &map[]
2023/11/16 22:32:33 [DEBUG] end checkDepTName
2023/11/16 22:32:33 [DEBUG] end checkDepTName
2023/11/16 22:32:33 [DEBUG] being checkDepTName, &{Type:36 Unsigned:false TypeSt: CType:0 TypeK:0x140000ac3c0 TypeV:<nil> TypeL:0}, &map[], &map[]
2023/11/16 22:32:33 [DEBUG] being checkDepTName, &{Type:35 Unsigned:false TypeSt: CType:0 TypeK:<nil> TypeV:<nil> TypeL:0}, &map[], &map[]
2023/11/16 22:32:33 [DEBUG] end checkDepTName
2023/11/16 22:32:33 [DEBUG] end checkDepTName
2023/11/16 22:32:33 [DEBUG] being checkDepTName, &{Type:36 Unsigned:false TypeSt: CType:0 TypeK:0x140000ac440 TypeV:<nil> TypeL:0}, &map[], &map[]
2023/11/16 22:32:33 [DEBUG] being checkDepTName, &{Type:36 Unsigned:false TypeSt: CType:0 TypeK:0x140000ac480 TypeV:<nil> TypeL:0}, &map[], &map[]
2023/11/16 22:32:33 [DEBUG] being checkDepTName, &{Type:28 Unsigned:false TypeSt: CType:0 TypeK:<nil> TypeV:<nil> TypeL:0}, &map[], &map[]
2023/11/16 22:32:33 [DEBUG] end checkDepTName
2023/11/16 22:32:33 [DEBUG] end checkDepTName
2023/11/16 22:32:33 [DEBUG] end checkDepTName
2023/11/16 22:32:33 [DEBUG] being checkDepTName, &{Type:37 Unsigned:false TypeSt: CType:0 TypeK:0x140000ac500 TypeV:0x140000ac540 TypeL:0}, &map[], &map[]
2023/11/16 22:32:33 [DEBUG] being checkDepTName, &{Type:35 Unsigned:false TypeSt: CType:0 TypeK:<nil> TypeV:<nil> TypeL:0}, &map[], &map[]
2023/11/16 22:32:33 [DEBUG] end checkDepTName
2023/11/16 22:32:33 [DEBUG] being checkDepTName, &{Type:35 Unsigned:false TypeSt: CType:0 TypeK:<nil> TypeV:<nil> TypeL:0}, &map[], &map[]
2023/11/16 22:32:33 [DEBUG] end checkDepTName
2023/11/16 22:32:33 [DEBUG] end checkDepTName
2023/11/16 22:32:33 [DEBUG] being checkDepTName, &{Type:36 Unsigned:false TypeSt: CType:0 TypeK:0x140000ac5c0 TypeV:<nil> TypeL:0}, &map[], &map[]
2023/11/16 22:32:33 [DEBUG] being checkDepTName, &{Type:37 Unsigned:false TypeSt: CType:0 TypeK:0x140000ac600 TypeV:0x140000ac640 TypeL:0}, &map[], &map[]
2023/11/16 22:32:33 [DEBUG] being checkDepTName, &{Type:28 Unsigned:false TypeSt: CType:0 TypeK:<nil> TypeV:<nil> TypeL:0}, &map[], &map[]
2023/11/16 22:32:33 [DEBUG] end checkDepTName
2023/11/16 22:32:33 [DEBUG] being checkDepTName, &{Type:35 Unsigned:false TypeSt: CType:0 TypeK:<nil> TypeV:<nil> TypeL:0}, &map[], &map[]
2023/11/16 22:32:33 [DEBUG] end checkDepTName
2023/11/16 22:32:33 [DEBUG] end checkDepTName
2023/11/16 22:32:33 [DEBUG] end checkDepTName
2023/11/16 22:32:33 [DEBUG] being checkDepTName, &{Type:36 Unsigned:false TypeSt: CType:0 TypeK:0x140000ac6c0 TypeV:<nil> TypeL:0}, &map[], &map[]
2023/11/16 22:32:33 [DEBUG] being checkDepTName, &{Type:40 Unsigned:false TypeSt:base::request CType:0 TypeK:<nil> TypeV:<nil> TypeL:0}, &map[], &map[]
2023/11/16 22:32:33 [DEBUG] end checkDepTName
2023/11/16 22:32:33 [DEBUG] end checkDepTName
2023/11/16 22:32:33 [DEBUG] being checkDepTName, &{Type:37 Unsigned:false TypeSt: CType:0 TypeK:0x140000ac740 TypeV:0x140000ac780 TypeL:0}, &map[base:true], &map[]
2023/11/16 22:32:33 [DEBUG] being checkDepTName, &{Type:35 Unsigned:false TypeSt: CType:0 TypeK:<nil> TypeV:<nil> TypeL:0}, &map[base:true], &map[]
2023/11/16 22:32:33 [DEBUG] end checkDepTName
2023/11/16 22:32:33 [DEBUG] being checkDepTName, &{Type:40 Unsigned:false TypeSt:base::request CType:0 TypeK:<nil> TypeV:<nil> TypeL:0}, &map[base:true], &map[]
2023/11/16 22:32:33 [DEBUG] end checkDepTName
2023/11/16 22:32:33 [DEBUG] end checkDepTName
2023/11/16 22:32:33 [DEBUG] being checkDepTName, &{Type:40 Unsigned:false TypeSt:base::request CType:0 TypeK:<nil> TypeV:<nil> TypeL:0}, &map[base:true], &map[]
2023/11/16 22:32:33 [DEBUG] end checkDepTName
2023/11/16 22:32:33 [DEBUG] end analyzeTName
2023/11/16 22:32:33 [DEBUG] end analyzeDepend
2023/11/16 22:32:33 [DEBUG] hhh
2023/11/16 22:32:33 [DEBUG] end parseFile,demo/test.jce
2023/11/16 22:32:33 [DEBUG] begin GenAll
2023/11/16 22:32:33 [DEBUG] hhh
2023/11/16 22:32:33 [DEBUG] begin genStruct
2023/11/16 22:32:33 [DEBUG] begin genStructDefine
2023/11/16 22:32:33 [DEBUG] begin genFunResetDefault
